{"D:\\projects\\RSSchool\\React\\app\\src\\App.tsx": {"path":"D:\\projects\\RSSchool\\React\\app\\src\\App.tsx","statementMap":{"0":{"start":{"line":1,"column":0},"end":{"line":1,"column":52}},"1":{"start":{"line":2,"column":0},"end":{"line":2,"column":49}},"2":{"start":{"line":3,"column":0},"end":{"line":3,"column":61}},"3":{"start":{"line":4,"column":0},"end":{"line":4,"column":26}},"4":{"start":{"line":5,"column":0},"end":{"line":5,"column":64}},"5":{"start":{"line":6,"column":0},"end":{"line":6,"column":19}},"6":{"start":{"line":7,"column":0},"end":{"line":7,"column":48}},"7":{"start":{"line":9,"column":12},"end":{"line":18,"column":null}},"8":{"start":{"line":10,"column":2},"end":{"line":17,"column":null}},"9":{"start":{"line":21,"column":0},"end":{"line":21,"column":19}}},"fnMap":{"0":{"name":"(anonymous_1)","decl":{"start":{"line":9,"column":12},"end":{"line":9,"column":15}},"loc":{"start":{"line":10,"column":2},"end":{"line":17,"column":null}}}},"branchMap":{},"s":{"0":1,"1":1,"2":1,"3":1,"4":1,"5":1,"6":1,"7":1,"8":1,"9":1},"f":{"0":1},"b":{}}
,"D:\\projects\\RSSchool\\React\\app\\src\\components\\Card\\Card.tsx": {"path":"D:\\projects\\RSSchool\\React\\app\\src\\components\\Card\\Card.tsx","statementMap":{"0":{"start":{"line":1,"column":0},"end":{"line":1,"column":26}},"1":{"start":{"line":3,"column":0},"end":{"line":3,"column":22}},"2":{"start":{"line":8,"column":4},"end":{"line":8,"column":17}},"3":{"start":{"line":9,"column":4},"end":{"line":9,"column":23}},"4":{"start":{"line":12,"column":4},"end":{"line":26,"column":6}},"5":{"start":{"line":30,"column":0},"end":{"line":30,"column":20}}},"fnMap":{"0":{"name":"(anonymous_1)","decl":{"start":{"line":7,"column":2},"end":{"line":7,"column":14}},"loc":{"start":{"line":7,"column":26},"end":{"line":10,"column":3}}},"1":{"name":"(anonymous_2)","decl":{"start":{"line":11,"column":2},"end":{"line":11,"column":8}},"loc":{"start":{"line":11,"column":8},"end":{"line":27,"column":3}}}},"branchMap":{},"s":{"0":1,"1":1,"2":10,"3":10,"4":10,"5":1},"f":{"0":10,"1":10},"b":{}}
,"D:\\projects\\RSSchool\\React\\app\\src\\components\\Header\\Header.tsx": {"path":"D:\\projects\\RSSchool\\React\\app\\src\\components\\Header\\Header.tsx","statementMap":{"0":{"start":{"line":1,"column":0},"end":{"line":1,"column":38}},"1":{"start":{"line":2,"column":0},"end":{"line":2,"column":26}},"2":{"start":{"line":3,"column":0},"end":{"line":3,"column":43}},"3":{"start":{"line":4,"column":0},"end":{"line":4,"column":22}},"4":{"start":{"line":6,"column":18},"end":{"line":7,"column":55}},"5":{"start":{"line":7,"column":2},"end":{"line":7,"column":55}},"6":{"start":{"line":9,"column":15},"end":{"line":26,"column":null}},"7":{"start":{"line":10,"column":2},"end":{"line":25,"column":null}},"8":{"start":{"line":29,"column":0},"end":{"line":29,"column":22}}},"fnMap":{"0":{"name":"(anonymous_1)","decl":{"start":{"line":6,"column":18},"end":{"line":6,"column":19}},"loc":{"start":{"line":7,"column":2},"end":{"line":7,"column":55}}},"1":{"name":"(anonymous_2)","decl":{"start":{"line":9,"column":15},"end":{"line":9,"column":18}},"loc":{"start":{"line":10,"column":2},"end":{"line":25,"column":null}}}},"branchMap":{"0":{"loc":{"start":{"line":7,"column":2},"end":{"line":7,"column":55}},"type":"cond-expr","locations":[{"start":{"line":7,"column":13},"end":{"line":7,"column":41}},{"start":{"line":7,"column":44},"end":{"line":7,"column":55}}]}},"s":{"0":1,"1":1,"2":1,"3":1,"4":1,"5":2,"6":1,"7":1,"8":1},"f":{"0":2,"1":1},"b":{"0":[1,1]}}
,"D:\\projects\\RSSchool\\React\\app\\src\\components\\Layout\\Layout.tsx": {"path":"D:\\projects\\RSSchool\\React\\app\\src\\components\\Layout\\Layout.tsx","statementMap":{"0":{"start":{"line":1,"column":0},"end":{"line":1,"column":38}},"1":{"start":{"line":2,"column":0},"end":{"line":2,"column":26}},"2":{"start":{"line":3,"column":0},"end":{"line":3,"column":42}},"3":{"start":{"line":5,"column":15},"end":{"line":12,"column":null}},"4":{"start":{"line":6,"column":2},"end":{"line":11,"column":null}},"5":{"start":{"line":15,"column":0},"end":{"line":15,"column":22}}},"fnMap":{"0":{"name":"(anonymous_1)","decl":{"start":{"line":5,"column":15},"end":{"line":5,"column":18}},"loc":{"start":{"line":6,"column":2},"end":{"line":11,"column":null}}}},"branchMap":{},"s":{"0":1,"1":1,"2":1,"3":1,"4":1,"5":1},"f":{"0":1},"b":{}}
,"D:\\projects\\RSSchool\\React\\app\\src\\components\\Search\\Search.tsx": {"path":"D:\\projects\\RSSchool\\React\\app\\src\\components\\Search\\Search.tsx","statementMap":{"0":{"start":{"line":1,"column":0},"end":{"line":1,"column":43}},"1":{"start":{"line":2,"column":0},"end":{"line":2,"column":22}},"2":{"start":{"line":9,"column":4},"end":{"line":9,"column":17}},"3":{"start":{"line":10,"column":4},"end":{"line":10,"column":70}},"4":{"start":{"line":13,"column":17},"end":{"line":16,"column":3}},"5":{"start":{"line":14,"column":22},"end":{"line":14,"column":50}},"6":{"start":{"line":15,"column":4},"end":{"line":15,"column":29}},"7":{"start":{"line":19,"column":4},"end":{"line":19,"column":58}},"8":{"start":{"line":23,"column":4},"end":{"line":35,"column":6}},"9":{"start":{"line":39,"column":0},"end":{"line":39,"column":22}}},"fnMap":{"0":{"name":"(anonymous_1)","decl":{"start":{"line":8,"column":2},"end":{"line":8,"column":14}},"loc":{"start":{"line":8,"column":24},"end":{"line":11,"column":3}}},"1":{"name":"(anonymous_2)","decl":{"start":{"line":13,"column":17},"end":{"line":13,"column":18}},"loc":{"start":{"line":13,"column":36},"end":{"line":16,"column":3}}},"2":{"name":"(anonymous_3)","decl":{"start":{"line":18,"column":2},"end":{"line":18,"column":22}},"loc":{"start":{"line":18,"column":22},"end":{"line":20,"column":3}}},"3":{"name":"(anonymous_4)","decl":{"start":{"line":22,"column":2},"end":{"line":22,"column":8}},"loc":{"start":{"line":22,"column":8},"end":{"line":36,"column":3}}}},"branchMap":{"0":{"loc":{"start":{"line":8,"column":14},"end":{"line":8,"column":24}},"type":"default-arg","locations":[{"start":{"line":8,"column":22},"end":{"line":8,"column":24}}]},"1":{"loc":{"start":{"line":10,"column":26},"end":{"line":10,"column":67}},"type":"binary-expr","locations":[{"start":{"line":10,"column":26},"end":{"line":10,"column":61}},{"start":{"line":10,"column":65},"end":{"line":10,"column":67}}]}},"s":{"0":1,"1":1,"2":1,"3":1,"4":1,"5":0,"6":0,"7":1,"8":1,"9":1},"f":{"0":1,"1":0,"2":1,"3":1},"b":{"0":[0],"1":[1,1]}}
,"D:\\projects\\RSSchool\\React\\app\\src\\pages\\Aboutpage\\Aboutpage.tsx": {"path":"D:\\projects\\RSSchool\\React\\app\\src\\pages\\Aboutpage\\Aboutpage.tsx","statementMap":{"0":{"start":{"line":1,"column":0},"end":{"line":1,"column":26}},"1":{"start":{"line":3,"column":18},"end":{"line":3,"column":41}},"2":{"start":{"line":3,"column":24},"end":{"line":3,"column":41}},"3":{"start":{"line":5,"column":0},"end":{"line":5,"column":25}}},"fnMap":{"0":{"name":"(anonymous_1)","decl":{"start":{"line":3,"column":18},"end":{"line":3,"column":21}},"loc":{"start":{"line":3,"column":24},"end":{"line":3,"column":41}}}},"branchMap":{},"s":{"0":1,"1":1,"2":0,"3":1},"f":{"0":0},"b":{}}
,"D:\\projects\\RSSchool\\React\\app\\src\\pages\\Homepage\\Homepage.tsx": {"path":"D:\\projects\\RSSchool\\React\\app\\src\\pages\\Homepage\\Homepage.tsx","statementMap":{"0":{"start":{"line":1,"column":0},"end":{"line":1,"column":26}},"1":{"start":{"line":4,"column":0},"end":{"line":4,"column":46}},"2":{"start":{"line":5,"column":0},"end":{"line":5,"column":40}},"3":{"start":{"line":6,"column":0},"end":{"line":6,"column":22}},"4":{"start":{"line":13,"column":4},"end":{"line":13,"column":17}},"5":{"start":{"line":14,"column":4},"end":{"line":14,"column":42}},"6":{"start":{"line":17,"column":4},"end":{"line":17,"column":69}},"7":{"start":{"line":17,"column":35},"end":{"line":17,"column":67}},"8":{"start":{"line":21,"column":4},"end":{"line":26,"column":6}},"9":{"start":{"line":30,"column":0},"end":{"line":30,"column":24}}},"fnMap":{"0":{"name":"(anonymous_1)","decl":{"start":{"line":12,"column":2},"end":{"line":12,"column":14}},"loc":{"start":{"line":12,"column":27},"end":{"line":15,"column":3}}},"1":{"name":"(anonymous_2)","decl":{"start":{"line":16,"column":2},"end":{"line":16,"column":13}},"loc":{"start":{"line":16,"column":32},"end":{"line":18,"column":3}}},"2":{"name":"(anonymous_3)","decl":{"start":{"line":17,"column":25},"end":{"line":17,"column":26}},"loc":{"start":{"line":17,"column":35},"end":{"line":17,"column":67}}},"3":{"name":"(anonymous_4)","decl":{"start":{"line":20,"column":2},"end":{"line":20,"column":8}},"loc":{"start":{"line":20,"column":8},"end":{"line":27,"column":3}}}},"branchMap":{},"s":{"0":1,"1":1,"2":1,"3":1,"4":1,"5":1,"6":1,"7":10,"8":1,"9":1},"f":{"0":1,"1":1,"2":10,"3":1},"b":{}}
,"D:\\projects\\RSSchool\\React\\app\\src\\pages\\Notfoundpage\\Notfoundpage.tsx": {"path":"D:\\projects\\RSSchool\\React\\app\\src\\pages\\Notfoundpage\\Notfoundpage.tsx","statementMap":{"0":{"start":{"line":1,"column":0},"end":{"line":1,"column":26}},"1":{"start":{"line":3,"column":21},"end":{"line":3,"column":45}},"2":{"start":{"line":3,"column":27},"end":{"line":3,"column":45}},"3":{"start":{"line":5,"column":0},"end":{"line":5,"column":28}}},"fnMap":{"0":{"name":"(anonymous_1)","decl":{"start":{"line":3,"column":21},"end":{"line":3,"column":24}},"loc":{"start":{"line":3,"column":27},"end":{"line":3,"column":45}}}},"branchMap":{},"s":{"0":1,"1":1,"2":0,"3":1},"f":{"0":0},"b":{}}
}
